reset_timestep 0

unfix 4
fix 4 gpCTbd move linear -$v 0 0 units box  # cutting speed = v * 100 (m s^-1 in the x-direction)
fix 4 gpCTbd move linear -3.0 0 0 units box  

# Output strain and stress info to file
# for units metal, pressure is in [bars] = 100 [kPa] = 1/10000 [GPa]
# p2, p3, p4 are in GPa


dump	 0dumpCSP all custom  500 ${respath}/dump.cutsic.*.lammpstrj id type mol x y z vx vy vz f_12
dump	 0dumpCSP all custom  500 eq_fix2_3.0x100_m_s-1_Groove1.5T1_SiC_EA/dump.cutsic.*.lammpstrj id type mol x y z vx vy vz f_12
  #c_atomdisp[4] c_atomstres[1] c_atomstres[2] c_atomstres[3] c_atomstres[4] c_atomstres[5] c_atomstres[6]
dump_modify 0dumpCSP element C Si C

write_restart cut_sic_re_eq.0000.restart
No /omp style for force computation currently active
WARNING: One or more atoms are time integrated more than once (../modify_cuda.cpp:225)
restart 10000 ${respath}/restart_files/cut_sic.*.restart
restart 10000 eq_fix2_3.0x100_m_s-1_Groove1.5T1_SiC_EA/restart_files/cut_sic.*.restart

# For the cutting advancement of 20 nm
variable Nstep equal ceil(400000/$v)
variable Nstep equal ceil(400000/3.0)
run ${Nstep}
run 133334
No /omp style for force computation currently active
WARNING: One or more atoms are time integrated more than once (../modify_cuda.cpp:225)
Memory usage per processor = 45.0329 Mbytes
Step myCTtemp myWPtemp Press TotEng Fmax Fnorm 
       0    307.06204    375.62981    546.34615   -1024112.1    8.7639739    762.89641 
WARNING: # CUDA: You asked for a Verlet integration using Cuda, but several fixes have not yet been ported to Cuda.
This can cause a severe speed penalty due to frequent data synchronization between host and GPU. (../verlet_cuda.cpp:629)
     500    307.08436    376.77086    26938.537   -995824.29    3918.0334     14470.24 
    1000    301.48698    379.81835    31323.535   -994986.06    4028.7299    14810.274 
    1500    296.95288    382.80208    35959.305   -994157.98    4098.4225    15144.083 
    2000     291.9481    384.70586    39136.017   -995427.81    3918.0334    14471.142 
    2500    288.85694     387.0305    42185.672   -994511.62    4028.7299    14811.037 
    3000    288.84315    388.12937     41921.61   -993571.97    4098.4225    15144.813 
    3500    294.69297    387.38304    41917.789    -994720.8    3918.0334    14471.803 
    4000    306.21135    386.98909    45161.759   -993653.05    4028.7299    14811.994 
    4500    299.77622     390.8385     49880.49   -992527.33    4098.4225    15146.259 
    5000    307.21229    398.63585    55249.112   -993506.83    3918.0334    14473.978 
    5500    314.15373    400.49671    63851.051   -992199.05    4028.7299    14814.481 
    6000      316.235    401.71494    72593.649    -990833.1    4098.4225    15149.148 
    6500    330.06358     407.6694    76160.484      -991516    3918.0334     14476.93 
    7000    342.58482    411.18336    78164.052   -989992.14    4028.7299    14816.708 
    7500    350.65912    415.41925    81529.558   -988379.76    4098.4225    15151.069 
    8000    355.05222     417.1163    85430.285   -988929.71    3918.0334    14479.082 
    8500    352.96795    418.46915    88052.202   -987255.97    4028.7299    14818.917 
    9000    347.49876    417.02732    91451.098   -985525.34    4098.4225    15152.398 
    9500    355.06266    426.98109     97203.92   -985897.13    3918.0334    14480.491 
   10000    374.70366    429.77084    100941.42   -983394.69    4098.4225    15153.834 
   10500    400.92602    449.33704    99829.138   -982287.94    4098.4225    15154.047 
   11000     465.8087    491.17135    96576.705   -982682.61    3918.0334    14482.665 
   11500    536.78963     557.2997    87605.246   -981036.33    4028.7299    14823.537 
   12000    699.94319    607.06783    77295.785   -979683.67    4098.4225    15157.801 
   12500    791.73544    625.96278    67612.425   -980769.71    3918.0334    14486.359 
   13000    871.17877    618.24821    65700.843      -979772    4028.7299    14827.301 
   13500    875.71361    622.82363    65612.291   -978835.73    4098.4225    15161.102 
   14000    848.07305    622.92405     67289.79   -980160.89    3918.0334    14489.964 
   14500    786.10222    620.84162    67936.842   -979333.28    4028.7299    14828.635 
   15000    754.33534    619.12759    69250.226   -978483.33    4098.4225     15161.68 
   15500    691.06456    615.62458    69224.153   -979715.15    3918.0334    14489.182 
   16000    670.81115    614.58395    71800.726   -978688.68    4028.7299    14828.805 
   16500    647.96835    618.76198    75113.456   -977625.99    4098.4225    15162.651 
   17000     613.9256    622.84299    78414.513   -978566.47    3918.0334    14490.865 
   17500    617.92824    629.03953    83636.414   -977272.36    4028.7299    14831.642 
   18000    637.31554    636.98635     83633.62    -976032.5    4098.4225    15165.011 
   18500    641.98005    658.18248    83709.672   -976946.55    3918.0334     14493.19 
   19000    651.39772    656.92194    83485.002   -975704.71    4028.7299    14833.185 
   19500    646.45759    667.51307    82311.863   -974543.08    4098.4225    15166.106 
   20000    646.95423    667.83509    83105.222   -974133.29    4098.4225    15166.117 
   20500    642.13208    675.26296    83923.239   -974431.49    4028.7299    14834.047 
   21000     640.2634    681.67038    83784.793   -973249.19    4098.4225     15167.19 
   21500    639.53728     695.9469    83335.017   -974220.08    3918.0334    14496.253 
   22000     661.1761    705.43512    81114.689   -973010.74    4028.7299    14835.782 
   22500    669.74861     716.3813    79770.746   -971820.45    4098.4225    15169.962 
   23000    666.54875    724.54809    76582.276   -972884.32    3918.0334    14498.796 
   23500    659.34977    727.81507    74247.438   -971775.41    4028.7299     14837.98 
   24000    648.81513    739.40174    72475.846    -970608.9    4098.4225    15171.062 
   24500    666.40849    764.89011    71007.642   -971693.11    3918.0334    14499.807 
   25000    675.99681    775.44049    72106.091   -970363.18    4028.7299    14841.775 
   25500    679.96444    790.24264    75306.329   -965599.28    4098.4225    15349.662 
   26000    670.79018    795.82455    78998.497   -926497.99    3918.0334    25990.663 
   26500    661.32685    801.21668    69773.279   -871355.31    4895.3752     51067.06 
   27000     647.0484    809.10234    60220.506   -882418.48    4895.3752    50803.447 
   27500    653.33332    818.25972    57524.783   -882885.12    4895.3752     50801.71 
   28000    658.32245    846.94608    57180.958   -882414.21    4895.3752    50801.181 
   28500    657.08012    861.29302    57733.201   -882212.58    4895.3752    50801.766 
   29000    657.92381    862.53604    57785.937   -882092.51    4895.3752    50802.836 
   29500    679.67031    876.50457    55661.715   -881996.94    4895.3752    50802.452 
   30000    683.22578    876.81139    51630.957    -881885.5    4895.3752    50803.088 
   30500    674.73925    875.13153     48037.05   -881798.19    4895.3752    50801.558 
   31000    678.30669    860.58352    45597.834   -881713.25    4895.3752    50802.355 
   31500    678.14929    857.77644    45109.971   -881649.67    4895.3752    50801.554 
   32000    671.87774    863.06242    46372.537   -881581.85    4895.3752    50801.875 
   32500    666.33697    862.68724    48416.269   -881446.41    4895.3752    50802.437 
   33000    663.85094    857.36615    50215.712   -881200.52    4895.3752    50802.551 
   33500    644.60125    861.88039    50463.272   -880916.39    4895.3752    50802.875 
   34000     632.7662    865.59967    49274.297   -880654.36    4895.3752    50802.479 
   34500    632.00375    865.59526    47000.527   -880376.18    4895.3752    50802.395 
   35000    623.06684    865.60989    44943.329   -880082.56    4895.3752    50802.263 
   35500    618.99765    865.78128    43857.505   -879777.67    4895.3752    50802.169 
   36000    631.34382    864.12055    44287.078   -879409.63    4895.3752    50802.483 
   36500    629.07601    866.18076    44887.245   -879016.78    4895.3752     50802.43 
   37000    637.36796     862.5503    45909.325   -878611.38    4895.3752    50802.609 
   37500    638.11945    874.84038    46392.014   -878213.81    4895.3752    50803.267 
   38000    641.32201    880.73101    45791.067   -877858.99    4895.3752    50803.355 
   38500    634.13609    884.37796     44271.18    -877461.7    4895.3752    50803.227 
   39000    627.32157    886.33547    43164.063   -877045.96    4895.3752     50803.32 
   39500    628.30723    885.50574    42207.945   -876579.94    4895.3752    50803.628 
   40000    635.37061    892.40403    41605.073   -876105.81    4895.3752    50804.117 
   40500    635.20734     899.7402    42402.745   -875669.06    4895.3752    50804.083 
   41000    629.82763    901.75639    42784.639   -875229.46    4895.3752     50803.46 
   41500    637.07918    906.81188     42410.56   -874791.45    4895.3752    50803.589 
   42000    617.87328     912.2221    42106.425   -874312.61    4895.3752    50803.683 
   42500    615.58028    915.24777    40819.398    -873794.9    4895.3752    50803.797 
   43000    632.05446    934.66297    39775.431   -873255.54    4895.3752    50803.923 
   43500    634.98162    938.06787    38912.465   -872800.11    4895.3752    50803.755 
   44000    640.72196    939.35878    38423.595    -872306.4    4895.3752    50803.697 
   44500     635.4269    949.07745     38722.99   -871837.01    4895.3752     50803.94 
   45000    645.77051    966.41089     38714.45   -871357.49    4895.3752     50804.31 
   45500    637.72169    967.72874    38342.369   -870911.05    4895.3752    50804.294 
   46000    636.48927    976.65046    37064.101   -870480.36    4895.3752    50804.535 
   46500    642.34185    987.76515     35377.28   -870045.44    4895.3752    50804.379 
   47000    634.42864    992.61028    34035.874   -869601.53    4895.3752    50804.025 
   47500    630.26394     997.5149    32802.827   -869178.08    4895.3752    50803.866 
   48000    617.12606    1010.0988    32314.237   -868802.23    4895.3752    50804.105 
   48500    624.98126    1026.4409    31522.795   -868467.08    4895.3752    50803.826 
   49000    605.63025    1043.0001    30106.775   -868193.89    4895.3752     50803.92 
   49500    600.90459    1076.4006    27798.912   -867990.01    4895.3752    50803.514 
   50000    587.11947     1102.007    25815.142   -867841.93    4895.3752     50803.56 
   50500    615.45162    1139.5989    24893.072   -867800.94    4895.3752    50803.798 
   51000    606.77512    1146.3628    24263.285   -867825.44    4895.3752     50804.07 
   51500    623.66957    1146.0055    23507.365   -867884.03    4895.3752    50804.233 
   52000    642.23579    1148.1884    22918.405   -867954.23    4895.3752     50804.33 
   52500    638.65893    1148.0175    22406.569   -868027.55    4895.3752    50804.028 
   53000    650.16982     1137.943    22202.245    -868144.7    4895.3752    50803.943 
   53500    647.15361      1125.64     21901.98   -868233.51    4895.3752    50803.875 
   54000    640.80865    1120.0661    21502.896   -868263.15    4895.3752    50803.626 
   54500    627.19108     1122.203    21201.957   -868254.32    4895.3752    50803.725 
   55000     626.5715    1118.4704     21291.77   -868231.41    4895.3752    50803.756 
   55500    615.33408    1115.3221    21865.557   -868196.29    4895.3752     50804.09 
   56000    623.48575    1099.6181     22380.91   -868123.42    4895.3752    50804.328 
   56500    617.48103    1102.5033    23003.245   -868010.45    4895.3752    50804.462 
   57000    602.82797    1106.4875    23313.058   -867816.59    4895.3752    50804.466 
   57500    604.36081    1097.6859    16580.253   -983492.22    25.287081    1363.9218 
   58000     592.0393    1117.6283    16105.536   -980869.74    21.176744    1362.8852 
   58500    580.13211    1159.9897    16145.349   -980239.01    24.656538    1377.8417 
   59000    606.34511    1160.1633      15925.1   -980040.37    21.419732     1386.922 
   59500    602.95885    1229.9749    16672.109   -979847.55    25.619665    1396.6764 
   60000    598.08791    1191.0841    20258.379   -979714.97    25.581123    1477.1337 
   60500    588.89748    1216.